<?xml version="1.0" encoding="UTF-8"?>
<!-- Generated by org.testng.reporters.JUnitReportReporter -->
<testsuite hostname="iqbal" name="homePage.Search" tests="1" failures="0" timestamp="7 May 2016 21:01:07 GMT" time="32.987" errors="0">
  <testcase name="test1" time="32.987" classname="homePage.Search"/>
</testsuite> <!-- homePage.Search -->
